Number of files kept in PFS:32/32
NODE=1
TASK=1
CORE=32
NTASKS_PER_NODE=32
Compute nodes: nid02267 
Starting STAGE_IN... 2020-05-18 14:18:49.566717184-07:00
TIME STAGE_IN 7.649957417
Starting RESAMPLE... 2020-05-18 14:18:57.403371316-07:00
Launching 1 RESAMPLE process at:2020-05-18 14:18:57.429293424-07:00 ... 
TIME RESAMPLE 21.408782598
Starting COMBINE... 2020-05-18 14:19:18.996345903-07:00
Launching COMBINE process 1 at:2020-05-18 14:19:19.027595875-07:00 ... 
TIME COMBINE 19.941788191
1.8G	/var/opt/cray/dws/mounts/batch/30868791_private_scratch/
Starting STAGE_OUT... 2020-05-18 14:19:39.050768099-07:00
Removing local resamp files if any ... 2020-05-18 14:19:39.067768262-07:00
Launching STAGEOUT process 0 at:2020-05-18 14:19:39.080406428-07:00 ... 
========
TIME TOTAL 50.959001797
