Number of files kept in PFS:32/32
NODE=1
TASK=1
CORE=1
NTASKS_PER_NODE=32
Compute nodes: nid01401 
Starting STAGE_IN... 2020-02-14 21:25:03.431634061-08:00
TIME STAGE_IN 7.251537154
/var/opt/cray/dws/mounts/batch/28171216_private_scratch/swarp-1.batch.1c.32f.28171216/input/PTF201111274755_2_o_38996_06.w.weight.fits                 16.00433349609375 MB
/var/opt/cray/dws/mounts/batch/28171216_private_scratch/swarp-1.batch.1c.32f.28171216/input/PTF201111234857_2_o_37754_06.w.fits                        32.02789306640625 MB
/var/opt/cray/dws/mounts/batch/28171216_private_scratch/swarp-1.batch.1c.32f.28171216/input/PTF201111095206_2_o_34706_06.w.fits                        32.02789306640625 MB
/var/opt/cray/dws/mounts/batch/28171216_private_scratch/swarp-1.batch.1c.32f.28171216/input/PTF201111184953_2_o_36749_06.w.weight.fits                 16.00433349609375 MB
/var/opt/cray/dws/mounts/batch/28171216_private_scratch/swarp-1.batch.1c.32f.28171216/input/PTF201111294943_2_o_39822_06.w.weight.fits                 16.00433349609375 MB
/var/opt/cray/dws/mounts/batch/28171216_private_scratch/swarp-1.batch.1c.32f.28171216/input/PTF201111294943_2_o_39822_06.w.fits                        32.02789306640625 MB
/var/opt/cray/dws/mounts/batch/28171216_private_scratch/swarp-1.batch.1c.32f.28171216/input/PTF201111184953_2_o_36749_06.w.fits                        32.02789306640625 MB
/var/opt/cray/dws/mounts/batch/28171216_private_scratch/swarp-1.batch.1c.32f.28171216/input/PTF201111284696_2_o_39396_06.w.weight.fits                 16.00433349609375 MB
/var/opt/cray/dws/mounts/batch/28171216_private_scratch/swarp-1.batch.1c.32f.28171216/input/PTF201111284696_2_o_39396_06.w.fits                        32.02789306640625 MB
/var/opt/cray/dws/mounts/batch/28171216_private_scratch/swarp-1.batch.1c.32f.28171216/input/PTF201111015420_2_o_32874_06.w.weight.fits                 16.00433349609375 MB
/var/opt/cray/dws/mounts/batch/28171216_private_scratch/swarp-1.batch.1c.32f.28171216/input/PTF201111025412_2_o_33288_06.w.fits                        32.02789306640625 MB
/var/opt/cray/dws/mounts/batch/28171216_private_scratch/swarp-1.batch.1c.32f.28171216/input/PTF201111155050_2_o_35570_06.w.weight.fits                 16.00433349609375 MB
/var/opt/cray/dws/mounts/batch/28171216_private_scratch/swarp-1.batch.1c.32f.28171216/input/PTF201111224851_2_o_37387_06.w.fits                        32.02789306640625 MB
/var/opt/cray/dws/mounts/batch/28171216_private_scratch/swarp-1.batch.1c.32f.28171216/input/PTF201111035427_2_o_33741_06.w.weight.fits                 16.00433349609375 MB
/var/opt/cray/dws/mounts/batch/28171216_private_scratch/swarp-1.batch.1c.32f.28171216/input/PTF201111265053_2_o_38612_06.w.fits                        32.02789306640625 MB
/var/opt/cray/dws/mounts/batch/28171216_private_scratch/swarp-1.batch.1c.32f.28171216/input/PTF201111095206_2_o_34706_06.w.weight.fits                 16.00433349609375 MB
/var/opt/cray/dws/mounts/batch/28171216_private_scratch/swarp-1.batch.1c.32f.28171216/input/PTF201111085228_2_o_34301_06.w.weight.fits                 16.00433349609375 MB
/var/opt/cray/dws/mounts/batch/28171216_private_scratch/swarp-1.batch.1c.32f.28171216/input/PTF201111234857_2_o_37754_06.w.weight.fits                 16.00433349609375 MB
/var/opt/cray/dws/mounts/batch/28171216_private_scratch/swarp-1.batch.1c.32f.28171216/input/PTF201111274755_2_o_38996_06.w.fits                        32.02789306640625 MB
/var/opt/cray/dws/mounts/batch/28171216_private_scratch/swarp-1.batch.1c.32f.28171216/input/PTF201111025412_2_o_33288_06.w.weight.fits                 16.00433349609375 MB
/var/opt/cray/dws/mounts/batch/28171216_private_scratch/swarp-1.batch.1c.32f.28171216/input/PTF201111035427_2_o_33741_06.w.fits                        32.02789306640625 MB
/var/opt/cray/dws/mounts/batch/28171216_private_scratch/swarp-1.batch.1c.32f.28171216/input/PTF201111015420_2_o_32874_06.w.fits                        32.02789306640625 MB
/var/opt/cray/dws/mounts/batch/28171216_private_scratch/swarp-1.batch.1c.32f.28171216/input/PTF201111085228_2_o_34301_06.w.fits                        32.02789306640625 MB
/var/opt/cray/dws/mounts/batch/28171216_private_scratch/swarp-1.batch.1c.32f.28171216/input/PTF201111025428_2_o_33289_06.w.weight.fits                 16.00433349609375 MB
/var/opt/cray/dws/mounts/batch/28171216_private_scratch/swarp-1.batch.1c.32f.28171216/input/PTF201111165032_2_o_35994_06.w.fits                        32.02789306640625 MB
/var/opt/cray/dws/mounts/batch/28171216_private_scratch/swarp-1.batch.1c.32f.28171216/input/PTF201111304878_2_o_40204_06.w.fits                        32.02789306640625 MB
/var/opt/cray/dws/mounts/batch/28171216_private_scratch/swarp-1.batch.1c.32f.28171216/input/PTF201111155050_2_o_35570_06.w.fits                        32.02789306640625 MB
/var/opt/cray/dws/mounts/batch/28171216_private_scratch/swarp-1.batch.1c.32f.28171216/input/PTF201111224851_2_o_37387_06.w.weight.fits                 16.00433349609375 MB
/var/opt/cray/dws/mounts/batch/28171216_private_scratch/swarp-1.batch.1c.32f.28171216/input/PTF201111025428_2_o_33289_06.w.fits                        32.02789306640625 MB
/var/opt/cray/dws/mounts/batch/28171216_private_scratch/swarp-1.batch.1c.32f.28171216/input/PTF201111265053_2_o_38612_06.w.weight.fits                 16.00433349609375 MB
/var/opt/cray/dws/mounts/batch/28171216_private_scratch/swarp-1.batch.1c.32f.28171216/input/PTF201111304878_2_o_40204_06.w.weight.fits                 16.00433349609375 MB
/var/opt/cray/dws/mounts/batch/28171216_private_scratch/swarp-1.batch.1c.32f.28171216/input/PTF201111165032_2_o_35994_06.w.weight.fits                 16.00433349609375 MB

ON BURST BUFFERS                                                                                                                                       100.0% (768.52 MB)
Starting RESAMPLE... 2020-02-14 21:25:10.918365027-08:00
Launching 1 RESAMPLE process at:2020-02-14 21:25:10.951379690-08:00 ... 
TIME RESAMPLE 92.681628169
Starting COMBINE... 2020-02-14 21:26:43.816079328-08:00
Launching COMBINE process 1 at:2020-02-14 21:26:43.864131216-08:00 ... 
TIME COMBINE 23.959766510
1.8G	/var/opt/cray/dws/mounts/batch/28171216_private_scratch/
Starting STAGE_OUT... 2020-02-14 21:27:10.564018404-08:00
Removing local resamp files if any ... 2020-02-14 21:27:10.586009840-08:00
Launching STAGEOUT process 0 at:2020-02-14 21:27:10.601505292-08:00 ... 
========
TIME TOTAL 124.980589958
